{"/home/paloma/Área de Trabalho/Módulo 5 - Arquitetura/projeto22-pawsup/projeto22-pawsup-back/src/database.ts": {"path":"/home/paloma/Área de Trabalho/Módulo 5 - Arquitetura/projeto22-pawsup/projeto22-pawsup-back/src/database.ts","statementMap":{"0":{"start":{"line":1,"column":0},"end":{"line":1,"column":33}},"1":{"start":{"line":3,"column":23},"end":{"line":3,"column":26}},"2":{"start":{"line":5,"column":13},"end":{"line":5,"column":41}}},"fnMap":{},"branchMap":{},"s":{"0":1,"1":1,"2":1},"f":{},"b":{}}
,"/home/paloma/Área de Trabalho/Módulo 5 - Arquitetura/projeto22-pawsup/projeto22-pawsup-back/src/repositories/userRepository.ts": {"path":"/home/paloma/Área de Trabalho/Módulo 5 - Arquitetura/projeto22-pawsup/projeto22-pawsup-back/src/repositories/userRepository.ts","statementMap":{"0":{"start":{"line":1,"column":0},"end":{"line":1,"column":37}},"1":{"start":{"line":5,"column":4},"end":{"line":7,"column":7}},"2":{"start":{"line":4,"column":0},"end":{"line":4,"column":22}},"3":{"start":{"line":11,"column":17},"end":{"line":13,"column":6}},"4":{"start":{"line":15,"column":4},"end":{"line":15,"column":16}},"5":{"start":{"line":10,"column":0},"end":{"line":10,"column":22}},"6":{"start":{"line":18,"column":0},"end":{"line":21,"column":null}}},"fnMap":{"0":{"name":"create","decl":{"start":{"line":4,"column":22},"end":{"line":4,"column":28}},"loc":{"start":{"line":4,"column":48},"end":{"line":8,"column":2}}},"1":{"name":"getUserByEmail","decl":{"start":{"line":10,"column":22},"end":{"line":10,"column":36}},"loc":{"start":{"line":10,"column":54},"end":{"line":16,"column":2}}}},"branchMap":{},"s":{"0":1,"1":0,"2":1,"3":0,"4":0,"5":1,"6":1},"f":{"0":0,"1":0},"b":{}}
,"/home/paloma/Área de Trabalho/Módulo 5 - Arquitetura/projeto22-pawsup/projeto22-pawsup-back/src/service/authService.ts": {"path":"/home/paloma/Área de Trabalho/Módulo 5 - Arquitetura/projeto22-pawsup/projeto22-pawsup-back/src/service/authService.ts","statementMap":{"0":{"start":{"line":1,"column":0},"end":{"line":1,"column":60}},"1":{"start":{"line":3,"column":0},"end":{"line":3,"column":85}},"2":{"start":{"line":4,"column":0},"end":{"line":4,"column":28}},"3":{"start":{"line":5,"column":0},"end":{"line":5,"column":31}},"4":{"start":{"line":9,"column":17},"end":{"line":9,"column":68}},"5":{"start":{"line":10,"column":4},"end":{"line":10,"column":null}},"6":{"start":{"line":10,"column":13},"end":{"line":10,"column":null}},"7":{"start":{"line":12,"column":29},"end":{"line":12,"column":67}},"8":{"start":{"line":13,"column":4},"end":{"line":13,"column":41}},"9":{"start":{"line":14,"column":4},"end":{"line":14,"column":26}},"10":{"start":{"line":15,"column":4},"end":{"line":15,"column":42}},"11":{"start":{"line":7,"column":0},"end":{"line":7,"column":22}},"12":{"start":{"line":20,"column":17},"end":{"line":20,"column":68}},"13":{"start":{"line":21,"column":4},"end":{"line":21,"column":null}},"14":{"start":{"line":21,"column":14},"end":{"line":21,"column":null}},"15":{"start":{"line":23,"column":28},"end":{"line":23,"column":80}},"16":{"start":{"line":24,"column":4},"end":{"line":24,"column":33}},"17":{"start":{"line":25,"column":4},"end":{"line":25,"column":76}},"18":{"start":{"line":25,"column":25},"end":{"line":25,"column":76}},"19":{"start":{"line":27,"column":22},"end":{"line":31,"column":null}},"20":{"start":{"line":33,"column":27},"end":{"line":33,"column":77}},"21":{"start":{"line":34,"column":31},"end":{"line":34,"column":75}},"22":{"start":{"line":35,"column":22},"end":{"line":37,"column":6}},"23":{"start":{"line":39,"column":18},"end":{"line":39,"column":56}},"24":{"start":{"line":41,"column":4},"end":{"line":41,"column":17}},"25":{"start":{"line":18,"column":0},"end":{"line":18,"column":22}},"26":{"start":{"line":44,"column":0},"end":{"line":47,"column":null}}},"fnMap":{"0":{"name":"createUser","decl":{"start":{"line":7,"column":22},"end":{"line":7,"column":32}},"loc":{"start":{"line":7,"column":52},"end":{"line":16,"column":null}}},"1":{"name":"loginUser","decl":{"start":{"line":18,"column":22},"end":{"line":18,"column":31}},"loc":{"start":{"line":18,"column":52},"end":{"line":42,"column":null}}}},"branchMap":{"0":{"loc":{"start":{"line":10,"column":4},"end":{"line":10,"column":null}},"type":"if","locations":[{"start":{"line":10,"column":4},"end":{"line":10,"column":null}}]},"1":{"loc":{"start":{"line":21,"column":4},"end":{"line":21,"column":null}},"type":"if","locations":[{"start":{"line":21,"column":4},"end":{"line":21,"column":null}}]},"2":{"loc":{"start":{"line":25,"column":4},"end":{"line":25,"column":76}},"type":"if","locations":[{"start":{"line":25,"column":4},"end":{"line":25,"column":76}}]},"3":{"loc":{"start":{"line":33,"column":27},"end":{"line":33,"column":77}},"type":"cond-expr","locations":[{"start":{"line":33,"column":55},"end":{"line":33,"column":59}},{"start":{"line":33,"column":59},"end":{"line":33,"column":77}}]},"4":{"loc":{"start":{"line":33,"column":27},"end":{"line":33,"column":59}},"type":"binary-expr","locations":[{"start":{"line":33,"column":27},"end":{"line":33,"column":59}},{"start":{"line":33,"column":55},"end":{"line":33,"column":59}}]},"5":{"loc":{"start":{"line":34,"column":31},"end":{"line":34,"column":75}},"type":"cond-expr","locations":[{"start":{"line":34,"column":59},"end":{"line":34,"column":63}},{"start":{"line":34,"column":63},"end":{"line":34,"column":75}}]},"6":{"loc":{"start":{"line":34,"column":31},"end":{"line":34,"column":63}},"type":"binary-expr","locations":[{"start":{"line":34,"column":31},"end":{"line":34,"column":63}},{"start":{"line":34,"column":59},"end":{"line":34,"column":63}}]}},"s":{"0":1,"1":1,"2":1,"3":1,"4":2,"5":2,"6":1,"7":1,"8":1,"9":1,"10":1,"11":1,"12":3,"13":3,"14":1,"15":2,"16":2,"17":2,"18":1,"19":1,"20":1,"21":1,"22":1,"23":1,"24":1,"25":1,"26":1},"f":{"0":2,"1":3},"b":{"0":[1],"1":[1],"2":[1],"3":[1,0],"4":[1,1],"5":[1,0],"6":[1,1]}}
,"/home/paloma/Área de Trabalho/Módulo 5 - Arquitetura/projeto22-pawsup/projeto22-pawsup-back/src/utils/errorUtil.ts": {"path":"/home/paloma/Área de Trabalho/Módulo 5 - Arquitetura/projeto22-pawsup/projeto22-pawsup-back/src/utils/errorUtil.ts","statementMap":{"0":{"start":{"line":9,"column":4},"end":{"line":9,"column":50}},"1":{"start":{"line":8,"column":0},"end":{"line":8,"column":16}},"2":{"start":{"line":13,"column":4},"end":{"line":13,"column":43}},"3":{"start":{"line":13,"column":32},"end":{"line":13,"column":43}},"4":{"start":{"line":14,"column":4},"end":{"line":14,"column":39}},"5":{"start":{"line":14,"column":28},"end":{"line":14,"column":39}},"6":{"start":{"line":15,"column":4},"end":{"line":15,"column":40}},"7":{"start":{"line":15,"column":29},"end":{"line":15,"column":40}},"8":{"start":{"line":16,"column":4},"end":{"line":16,"column":43}},"9":{"start":{"line":16,"column":32},"end":{"line":16,"column":43}},"10":{"start":{"line":17,"column":4},"end":{"line":17,"column":15}},"11":{"start":{"line":12,"column":0},"end":{"line":12,"column":16}},"12":{"start":{"line":21,"column":1},"end":{"line":21,"column":null}},"13":{"start":{"line":20,"column":0},"end":{"line":20,"column":16}},"14":{"start":{"line":26,"column":4},"end":{"line":26,"column":null}},"15":{"start":{"line":25,"column":0},"end":{"line":25,"column":16}},"16":{"start":{"line":31,"column":4},"end":{"line":31,"column":null}},"17":{"start":{"line":30,"column":0},"end":{"line":30,"column":16}},"18":{"start":{"line":36,"column":4},"end":{"line":36,"column":null}},"19":{"start":{"line":35,"column":0},"end":{"line":35,"column":16}}},"fnMap":{"0":{"name":"isAppError","decl":{"start":{"line":8,"column":16},"end":{"line":8,"column":26}},"loc":{"start":{"line":8,"column":40},"end":{"line":10,"column":1}}},"1":{"name":"errorTypeToStatusCode","decl":{"start":{"line":12,"column":16},"end":{"line":12,"column":37}},"loc":{"start":{"line":12,"column":57},"end":{"line":18,"column":1}}},"2":{"name":"conflictError","decl":{"start":{"line":20,"column":16},"end":{"line":20,"column":29}},"loc":{"start":{"line":20,"column":46},"end":{"line":22,"column":1}}},"3":{"name":"notFoundError","decl":{"start":{"line":25,"column":16},"end":{"line":25,"column":29}},"loc":{"start":{"line":25,"column":46},"end":{"line":27,"column":1}}},"4":{"name":"wrongSchemaError","decl":{"start":{"line":30,"column":16},"end":{"line":30,"column":32}},"loc":{"start":{"line":30,"column":49},"end":{"line":32,"column":1}}},"5":{"name":"unauthorizedError","decl":{"start":{"line":35,"column":16},"end":{"line":35,"column":33}},"loc":{"start":{"line":35,"column":50},"end":{"line":37,"column":1}}}},"branchMap":{"0":{"loc":{"start":{"line":13,"column":4},"end":{"line":13,"column":43}},"type":"if","locations":[{"start":{"line":13,"column":4},"end":{"line":13,"column":43}}]},"1":{"loc":{"start":{"line":14,"column":4},"end":{"line":14,"column":39}},"type":"if","locations":[{"start":{"line":14,"column":4},"end":{"line":14,"column":39}}]},"2":{"loc":{"start":{"line":15,"column":4},"end":{"line":15,"column":40}},"type":"if","locations":[{"start":{"line":15,"column":4},"end":{"line":15,"column":40}}]},"3":{"loc":{"start":{"line":16,"column":4},"end":{"line":16,"column":43}},"type":"if","locations":[{"start":{"line":16,"column":4},"end":{"line":16,"column":43}}]},"4":{"loc":{"start":{"line":21,"column":36},"end":{"line":21,"column":49}},"type":"cond-expr","locations":[{"start":{"line":21,"column":36},"end":{"line":21,"column":43}},{"start":{"line":21,"column":47},"end":{"line":21,"column":49}}]},"5":{"loc":{"start":{"line":21,"column":36},"end":{"line":21,"column":47}},"type":"binary-expr","locations":[{"start":{"line":21,"column":36},"end":{"line":21,"column":47}},{"start":{"line":21,"column":36},"end":{"line":21,"column":47}}]},"6":{"loc":{"start":{"line":26,"column":40},"end":{"line":26,"column":53}},"type":"cond-expr","locations":[{"start":{"line":26,"column":40},"end":{"line":26,"column":47}},{"start":{"line":26,"column":51},"end":{"line":26,"column":53}}]},"7":{"loc":{"start":{"line":26,"column":40},"end":{"line":26,"column":51}},"type":"binary-expr","locations":[{"start":{"line":26,"column":40},"end":{"line":26,"column":51}},{"start":{"line":26,"column":40},"end":{"line":26,"column":51}}]},"8":{"loc":{"start":{"line":31,"column":43},"end":{"line":31,"column":56}},"type":"cond-expr","locations":[{"start":{"line":31,"column":43},"end":{"line":31,"column":50}},{"start":{"line":31,"column":54},"end":{"line":31,"column":56}}]},"9":{"loc":{"start":{"line":31,"column":43},"end":{"line":31,"column":54}},"type":"binary-expr","locations":[{"start":{"line":31,"column":43},"end":{"line":31,"column":54}},{"start":{"line":31,"column":43},"end":{"line":31,"column":54}}]},"10":{"loc":{"start":{"line":36,"column":43},"end":{"line":36,"column":56}},"type":"cond-expr","locations":[{"start":{"line":36,"column":43},"end":{"line":36,"column":50}},{"start":{"line":36,"column":54},"end":{"line":36,"column":56}}]},"11":{"loc":{"start":{"line":36,"column":43},"end":{"line":36,"column":54}},"type":"binary-expr","locations":[{"start":{"line":36,"column":43},"end":{"line":36,"column":54}},{"start":{"line":36,"column":43},"end":{"line":36,"column":54}}]}},"s":{"0":0,"1":1,"2":0,"3":0,"4":0,"5":0,"6":0,"7":0,"8":0,"9":0,"10":0,"11":1,"12":2,"13":1,"14":2,"15":1,"16":0,"17":1,"18":2,"19":1},"f":{"0":0,"1":0,"2":2,"3":2,"4":0,"5":2},"b":{"0":[0],"1":[0],"2":[0],"3":[0],"4":[2,0],"5":[2,2],"6":[2,0],"7":[2,2],"8":[0,0],"9":[0,0],"10":[2,0],"11":[2,2]}}
,"/home/paloma/Área de Trabalho/Módulo 5 - Arquitetura/projeto22-pawsup/projeto22-pawsup-back/tests/factories/loginFactory.ts": {"path":"/home/paloma/Área de Trabalho/Módulo 5 - Arquitetura/projeto22-pawsup/projeto22-pawsup-back/tests/factories/loginFactory.ts","statementMap":{"0":{"start":{"line":1,"column":0},"end":{"line":1,"column":38}},"1":{"start":{"line":4,"column":4},"end":{"line":7,"column":6}},"2":{"start":{"line":3,"column":0},"end":{"line":3,"column":30}}},"fnMap":{"0":{"name":"loginFactory","decl":{"start":{"line":3,"column":30},"end":{"line":3,"column":42}},"loc":{"start":{"line":3,"column":42},"end":{"line":8,"column":2}}}},"branchMap":{},"s":{"0":1,"1":3,"2":1},"f":{"0":3},"b":{}}
,"/home/paloma/Área de Trabalho/Módulo 5 - Arquitetura/projeto22-pawsup/projeto22-pawsup-back/tests/factories/userFactory.ts": {"path":"/home/paloma/Área de Trabalho/Módulo 5 - Arquitetura/projeto22-pawsup/projeto22-pawsup-back/tests/factories/userFactory.ts","statementMap":{"0":{"start":{"line":1,"column":0},"end":{"line":1,"column":38}},"1":{"start":{"line":4,"column":4},"end":{"line":9,"column":6}},"2":{"start":{"line":3,"column":0},"end":{"line":3,"column":30}}},"fnMap":{"0":{"name":"userFactory","decl":{"start":{"line":3,"column":30},"end":{"line":3,"column":41}},"loc":{"start":{"line":3,"column":41},"end":{"line":10,"column":2}}}},"branchMap":{},"s":{"0":1,"1":2,"2":1},"f":{"0":2},"b":{}}
}
