{"/home/paloma/Área de Trabalho/Módulo 5 - Arquitetura/projeto22-pawsup/projeto22-pawsup-back/src/database.ts": {"path":"/home/paloma/Área de Trabalho/Módulo 5 - Arquitetura/projeto22-pawsup/projeto22-pawsup-back/src/database.ts","statementMap":{"0":{"start":{"line":1,"column":0},"end":{"line":1,"column":33}},"1":{"start":{"line":3,"column":23},"end":{"line":3,"column":26}},"2":{"start":{"line":5,"column":13},"end":{"line":5,"column":41}}},"fnMap":{},"branchMap":{},"s":{"0":1,"1":1,"2":1},"f":{},"b":{}}
,"/home/paloma/Área de Trabalho/Módulo 5 - Arquitetura/projeto22-pawsup/projeto22-pawsup-back/src/repositories/catRepository.ts": {"path":"/home/paloma/Área de Trabalho/Módulo 5 - Arquitetura/projeto22-pawsup/projeto22-pawsup-back/src/repositories/catRepository.ts","statementMap":{"0":{"start":{"line":1,"column":0},"end":{"line":1,"column":34}},"1":{"start":{"line":5,"column":17},"end":{"line":5,"column":44}},"2":{"start":{"line":6,"column":4},"end":{"line":6,"column":null}},"3":{"start":{"line":4,"column":0},"end":{"line":4,"column":22}},"4":{"start":{"line":10,"column":16},"end":{"line":10,"column":57}},"5":{"start":{"line":11,"column":4},"end":{"line":11,"column":null}},"6":{"start":{"line":9,"column":0},"end":{"line":9,"column":22}},"7":{"start":{"line":15,"column":16},"end":{"line":15,"column":66}},"8":{"start":{"line":16,"column":4},"end":{"line":16,"column":null}},"9":{"start":{"line":14,"column":0},"end":{"line":14,"column":22}},"10":{"start":{"line":20,"column":4},"end":{"line":20,"column":45}},"11":{"start":{"line":19,"column":0},"end":{"line":19,"column":22}},"12":{"start":{"line":24,"column":4},"end":{"line":24,"column":50}},"13":{"start":{"line":23,"column":0},"end":{"line":23,"column":22}},"14":{"start":{"line":28,"column":18},"end":{"line":37,"column":6}},"15":{"start":{"line":39,"column":4},"end":{"line":39,"column":17}},"16":{"start":{"line":27,"column":0},"end":{"line":27,"column":22}},"17":{"start":{"line":42,"column":0},"end":{"line":49,"column":null}}},"fnMap":{"0":{"name":"getCats","decl":{"start":{"line":4,"column":22},"end":{"line":4,"column":29}},"loc":{"start":{"line":4,"column":29},"end":{"line":7,"column":2}}},"1":{"name":"getCatsById","decl":{"start":{"line":9,"column":22},"end":{"line":9,"column":33}},"loc":{"start":{"line":9,"column":44},"end":{"line":12,"column":2}}},"2":{"name":"getCatsByNameAndUserId","decl":{"start":{"line":14,"column":22},"end":{"line":14,"column":44}},"loc":{"start":{"line":14,"column":73},"end":{"line":17,"column":2}}},"3":{"name":"createCat","decl":{"start":{"line":19,"column":22},"end":{"line":19,"column":31}},"loc":{"start":{"line":19,"column":49},"end":{"line":21,"column":2}}},"4":{"name":"deleteCat","decl":{"start":{"line":23,"column":22},"end":{"line":23,"column":31}},"loc":{"start":{"line":23,"column":45},"end":{"line":25,"column":2}}},"5":{"name":"getFormsByUserId","decl":{"start":{"line":27,"column":22},"end":{"line":27,"column":38}},"loc":{"start":{"line":27,"column":52},"end":{"line":40,"column":null}}}},"branchMap":{},"s":{"0":1,"1":0,"2":0,"3":1,"4":0,"5":0,"6":1,"7":0,"8":0,"9":1,"10":0,"11":1,"12":0,"13":1,"14":0,"15":0,"16":1,"17":1},"f":{"0":0,"1":0,"2":0,"3":0,"4":0,"5":0},"b":{}}
,"/home/paloma/Área de Trabalho/Módulo 5 - Arquitetura/projeto22-pawsup/projeto22-pawsup-back/src/repositories/formRepository.ts": {"path":"/home/paloma/Área de Trabalho/Módulo 5 - Arquitetura/projeto22-pawsup/projeto22-pawsup-back/src/repositories/formRepository.ts","statementMap":{"0":{"start":{"line":1,"column":0},"end":{"line":1,"column":35}},"1":{"start":{"line":5,"column":4},"end":{"line":5,"column":null}},"2":{"start":{"line":4,"column":0},"end":{"line":4,"column":22}},"3":{"start":{"line":9,"column":18},"end":{"line":9,"column":78}},"4":{"start":{"line":10,"column":4},"end":{"line":10,"column":16}},"5":{"start":{"line":8,"column":0},"end":{"line":8,"column":22}},"6":{"start":{"line":13,"column":0},"end":{"line":16,"column":null}}},"fnMap":{"0":{"name":"createForm","decl":{"start":{"line":4,"column":22},"end":{"line":4,"column":32}},"loc":{"start":{"line":4,"column":53},"end":{"line":6,"column":2}}},"1":{"name":"getFormByApplicantEmailAndCatId","decl":{"start":{"line":8,"column":22},"end":{"line":8,"column":53}},"loc":{"start":{"line":8,"column":91},"end":{"line":11,"column":2}}}},"branchMap":{},"s":{"0":1,"1":0,"2":1,"3":0,"4":0,"5":1,"6":1},"f":{"0":0,"1":0},"b":{}}
,"/home/paloma/Área de Trabalho/Módulo 5 - Arquitetura/projeto22-pawsup/projeto22-pawsup-back/src/repositories/userRepository.ts": {"path":"/home/paloma/Área de Trabalho/Módulo 5 - Arquitetura/projeto22-pawsup/projeto22-pawsup-back/src/repositories/userRepository.ts","statementMap":{"0":{"start":{"line":1,"column":0},"end":{"line":1,"column":37}},"1":{"start":{"line":5,"column":4},"end":{"line":7,"column":7}},"2":{"start":{"line":4,"column":0},"end":{"line":4,"column":22}},"3":{"start":{"line":11,"column":17},"end":{"line":13,"column":6}},"4":{"start":{"line":15,"column":4},"end":{"line":15,"column":16}},"5":{"start":{"line":10,"column":0},"end":{"line":10,"column":22}},"6":{"start":{"line":18,"column":0},"end":{"line":21,"column":null}}},"fnMap":{"0":{"name":"create","decl":{"start":{"line":4,"column":22},"end":{"line":4,"column":28}},"loc":{"start":{"line":4,"column":48},"end":{"line":8,"column":2}}},"1":{"name":"getUserByEmail","decl":{"start":{"line":10,"column":22},"end":{"line":10,"column":36}},"loc":{"start":{"line":10,"column":54},"end":{"line":16,"column":2}}}},"branchMap":{},"s":{"0":1,"1":0,"2":1,"3":0,"4":0,"5":1,"6":1},"f":{"0":0,"1":0},"b":{}}
,"/home/paloma/Área de Trabalho/Módulo 5 - Arquitetura/projeto22-pawsup/projeto22-pawsup-back/src/service/authService.ts": {"path":"/home/paloma/Área de Trabalho/Módulo 5 - Arquitetura/projeto22-pawsup/projeto22-pawsup-back/src/service/authService.ts","statementMap":{"0":{"start":{"line":1,"column":0},"end":{"line":1,"column":60}},"1":{"start":{"line":3,"column":0},"end":{"line":3,"column":85}},"2":{"start":{"line":4,"column":0},"end":{"line":4,"column":28}},"3":{"start":{"line":5,"column":0},"end":{"line":5,"column":31}},"4":{"start":{"line":9,"column":17},"end":{"line":9,"column":68}},"5":{"start":{"line":10,"column":4},"end":{"line":10,"column":null}},"6":{"start":{"line":10,"column":13},"end":{"line":10,"column":null}},"7":{"start":{"line":12,"column":29},"end":{"line":12,"column":67}},"8":{"start":{"line":13,"column":4},"end":{"line":13,"column":41}},"9":{"start":{"line":14,"column":4},"end":{"line":14,"column":26}},"10":{"start":{"line":15,"column":4},"end":{"line":15,"column":42}},"11":{"start":{"line":7,"column":0},"end":{"line":7,"column":22}},"12":{"start":{"line":20,"column":17},"end":{"line":20,"column":68}},"13":{"start":{"line":21,"column":4},"end":{"line":21,"column":null}},"14":{"start":{"line":21,"column":14},"end":{"line":21,"column":null}},"15":{"start":{"line":23,"column":28},"end":{"line":23,"column":80}},"16":{"start":{"line":24,"column":4},"end":{"line":24,"column":33}},"17":{"start":{"line":25,"column":4},"end":{"line":25,"column":76}},"18":{"start":{"line":25,"column":25},"end":{"line":25,"column":76}},"19":{"start":{"line":27,"column":22},"end":{"line":31,"column":null}},"20":{"start":{"line":33,"column":27},"end":{"line":33,"column":77}},"21":{"start":{"line":34,"column":31},"end":{"line":34,"column":75}},"22":{"start":{"line":35,"column":22},"end":{"line":37,"column":6}},"23":{"start":{"line":39,"column":18},"end":{"line":39,"column":56}},"24":{"start":{"line":41,"column":4},"end":{"line":41,"column":17}},"25":{"start":{"line":18,"column":0},"end":{"line":18,"column":22}},"26":{"start":{"line":44,"column":0},"end":{"line":47,"column":null}}},"fnMap":{"0":{"name":"createUser","decl":{"start":{"line":7,"column":22},"end":{"line":7,"column":32}},"loc":{"start":{"line":7,"column":52},"end":{"line":16,"column":null}}},"1":{"name":"loginUser","decl":{"start":{"line":18,"column":22},"end":{"line":18,"column":31}},"loc":{"start":{"line":18,"column":52},"end":{"line":42,"column":null}}}},"branchMap":{"0":{"loc":{"start":{"line":10,"column":4},"end":{"line":10,"column":null}},"type":"if","locations":[{"start":{"line":10,"column":4},"end":{"line":10,"column":null}}]},"1":{"loc":{"start":{"line":21,"column":4},"end":{"line":21,"column":null}},"type":"if","locations":[{"start":{"line":21,"column":4},"end":{"line":21,"column":null}}]},"2":{"loc":{"start":{"line":25,"column":4},"end":{"line":25,"column":76}},"type":"if","locations":[{"start":{"line":25,"column":4},"end":{"line":25,"column":76}}]},"3":{"loc":{"start":{"line":33,"column":27},"end":{"line":33,"column":77}},"type":"cond-expr","locations":[{"start":{"line":33,"column":55},"end":{"line":33,"column":59}},{"start":{"line":33,"column":59},"end":{"line":33,"column":77}}]},"4":{"loc":{"start":{"line":33,"column":27},"end":{"line":33,"column":59}},"type":"binary-expr","locations":[{"start":{"line":33,"column":27},"end":{"line":33,"column":59}},{"start":{"line":33,"column":55},"end":{"line":33,"column":59}}]},"5":{"loc":{"start":{"line":34,"column":31},"end":{"line":34,"column":75}},"type":"cond-expr","locations":[{"start":{"line":34,"column":59},"end":{"line":34,"column":63}},{"start":{"line":34,"column":63},"end":{"line":34,"column":75}}]},"6":{"loc":{"start":{"line":34,"column":31},"end":{"line":34,"column":63}},"type":"binary-expr","locations":[{"start":{"line":34,"column":31},"end":{"line":34,"column":63}},{"start":{"line":34,"column":59},"end":{"line":34,"column":63}}]}},"s":{"0":1,"1":1,"2":1,"3":1,"4":2,"5":2,"6":1,"7":1,"8":1,"9":1,"10":1,"11":1,"12":3,"13":3,"14":1,"15":2,"16":2,"17":2,"18":1,"19":1,"20":1,"21":1,"22":1,"23":1,"24":1,"25":1,"26":1},"f":{"0":2,"1":3},"b":{"0":[1],"1":[1],"2":[1],"3":[1,0],"4":[1,1],"5":[1,0],"6":[1,1]}}
,"/home/paloma/Área de Trabalho/Módulo 5 - Arquitetura/projeto22-pawsup/projeto22-pawsup-back/src/service/catService.ts": {"path":"/home/paloma/Área de Trabalho/Módulo 5 - Arquitetura/projeto22-pawsup/projeto22-pawsup-back/src/service/catService.ts","statementMap":{"0":{"start":{"line":1,"column":0},"end":{"line":1,"column":58}},"1":{"start":{"line":3,"column":0},"end":{"line":3,"column":85}},"2":{"start":{"line":6,"column":17},"end":{"line":6,"column":46}},"3":{"start":{"line":7,"column":4},"end":{"line":7,"column":16}},"4":{"start":{"line":5,"column":0},"end":{"line":5,"column":22}},"5":{"start":{"line":11,"column":16},"end":{"line":11,"column":51}},"6":{"start":{"line":12,"column":4},"end":{"line":12,"column":null}},"7":{"start":{"line":12,"column":13},"end":{"line":12,"column":null}},"8":{"start":{"line":13,"column":4},"end":{"line":13,"column":15}},"9":{"start":{"line":10,"column":0},"end":{"line":10,"column":22}},"10":{"start":{"line":19,"column":16},"end":{"line":19,"column":80}},"11":{"start":{"line":20,"column":4},"end":{"line":20,"column":65}},"12":{"start":{"line":20,"column":12},"end":{"line":20,"column":65}},"13":{"start":{"line":22,"column":16},"end":{"line":24,"column":null}},"14":{"start":{"line":26,"column":4},"end":{"line":26,"column":24}},"15":{"start":{"line":27,"column":4},"end":{"line":27,"column":42}},"16":{"start":{"line":16,"column":0},"end":{"line":16,"column":22}},"17":{"start":{"line":33,"column":4},"end":{"line":34,"column":null}},"18":{"start":{"line":33,"column":29},"end":{"line":33,"column":null}},"19":{"start":{"line":34,"column":9},"end":{"line":34,"column":null}},"20":{"start":{"line":31,"column":0},"end":{"line":31,"column":16}},"21":{"start":{"line":39,"column":16},"end":{"line":39,"column":39}},"22":{"start":{"line":41,"column":27},"end":{"line":41,"column":59}},"23":{"start":{"line":42,"column":4},"end":{"line":42,"column":null}},"24":{"start":{"line":42,"column":24},"end":{"line":42,"column":null}},"25":{"start":{"line":44,"column":4},"end":{"line":44,"column":41}},"26":{"start":{"line":37,"column":0},"end":{"line":37,"column":22}},"27":{"start":{"line":48,"column":0},"end":{"line":54,"column":null}}},"fnMap":{"0":{"name":"getCats","decl":{"start":{"line":5,"column":22},"end":{"line":5,"column":29}},"loc":{"start":{"line":5,"column":29},"end":{"line":8,"column":2}}},"1":{"name":"getCatById","decl":{"start":{"line":10,"column":22},"end":{"line":10,"column":32}},"loc":{"start":{"line":10,"column":43},"end":{"line":14,"column":2}}},"2":{"name":"createCat","decl":{"start":{"line":16,"column":22},"end":{"line":16,"column":31}},"loc":{"start":{"line":16,"column":65},"end":{"line":29,"column":2}}},"3":{"name":"compareUsers","decl":{"start":{"line":31,"column":16},"end":{"line":31,"column":28}},"loc":{"start":{"line":31,"column":62},"end":{"line":35,"column":1}}},"4":{"name":"deleteCat","decl":{"start":{"line":37,"column":22},"end":{"line":37,"column":31}},"loc":{"start":{"line":37,"column":61},"end":{"line":46,"column":2}}}},"branchMap":{"0":{"loc":{"start":{"line":12,"column":4},"end":{"line":12,"column":null}},"type":"if","locations":[{"start":{"line":12,"column":4},"end":{"line":12,"column":null}}]},"1":{"loc":{"start":{"line":20,"column":4},"end":{"line":20,"column":65}},"type":"if","locations":[{"start":{"line":20,"column":4},"end":{"line":20,"column":65}}]},"2":{"loc":{"start":{"line":33,"column":4},"end":{"line":34,"column":null}},"type":"if","locations":[{"start":{"line":33,"column":4},"end":{"line":34,"column":null}},{"start":{"line":34,"column":9},"end":{"line":34,"column":null}}]},"3":{"loc":{"start":{"line":42,"column":4},"end":{"line":42,"column":null}},"type":"if","locations":[{"start":{"line":42,"column":4},"end":{"line":42,"column":null}}]}},"s":{"0":1,"1":1,"2":1,"3":1,"4":1,"5":8,"6":8,"7":3,"8":5,"9":1,"10":2,"11":2,"12":1,"13":1,"14":1,"15":1,"16":1,"17":2,"18":0,"19":2,"20":1,"21":3,"22":2,"23":2,"24":2,"25":0,"26":1,"27":1},"f":{"0":1,"1":8,"2":2,"3":2,"4":3},"b":{"0":[3],"1":[1],"2":[0,2],"3":[2]}}
,"/home/paloma/Área de Trabalho/Módulo 5 - Arquitetura/projeto22-pawsup/projeto22-pawsup-back/src/service/formService.ts": {"path":"/home/paloma/Área de Trabalho/Módulo 5 - Arquitetura/projeto22-pawsup/projeto22-pawsup-back/src/service/formService.ts","statementMap":{"0":{"start":{"line":1,"column":0},"end":{"line":1,"column":60}},"1":{"start":{"line":2,"column":0},"end":{"line":2,"column":58}},"2":{"start":{"line":4,"column":0},"end":{"line":4,"column":26}},"3":{"start":{"line":5,"column":0},"end":{"line":5,"column":51}},"4":{"start":{"line":6,"column":0},"end":{"line":6,"column":42}},"5":{"start":{"line":11,"column":18},"end":{"line":11,"column":34}},"6":{"start":{"line":12,"column":4},"end":{"line":12,"column":23}},"7":{"start":{"line":14,"column":4},"end":{"line":14,"column":28}},"8":{"start":{"line":16,"column":17},"end":{"line":16,"column":101}},"9":{"start":{"line":17,"column":4},"end":{"line":17,"column":73}},"10":{"start":{"line":17,"column":13},"end":{"line":17,"column":73}},"11":{"start":{"line":19,"column":17},"end":{"line":22,"column":null}},"12":{"start":{"line":25,"column":4},"end":{"line":25,"column":45}},"13":{"start":{"line":9,"column":0},"end":{"line":9,"column":22}},"14":{"start":{"line":29,"column":18},"end":{"line":29,"column":62}},"15":{"start":{"line":30,"column":4},"end":{"line":30,"column":17}},"16":{"start":{"line":28,"column":0},"end":{"line":28,"column":22}},"17":{"start":{"line":33,"column":0},"end":{"line":36,"column":null}}},"fnMap":{"0":{"name":"createForm","decl":{"start":{"line":9,"column":22},"end":{"line":9,"column":32}},"loc":{"start":{"line":9,"column":67},"end":{"line":26,"column":2}}},"1":{"name":"getFormsByUserId","decl":{"start":{"line":28,"column":22},"end":{"line":28,"column":38}},"loc":{"start":{"line":28,"column":53},"end":{"line":31,"column":null}}}},"branchMap":{"0":{"loc":{"start":{"line":17,"column":4},"end":{"line":17,"column":73}},"type":"if","locations":[{"start":{"line":17,"column":4},"end":{"line":17,"column":73}}]}},"s":{"0":1,"1":1,"2":1,"3":1,"4":1,"5":3,"6":3,"7":3,"8":2,"9":2,"10":1,"11":1,"12":1,"13":1,"14":0,"15":0,"16":1,"17":1},"f":{"0":3,"1":0},"b":{"0":[1]}}
,"/home/paloma/Área de Trabalho/Módulo 5 - Arquitetura/projeto22-pawsup/projeto22-pawsup-back/src/utils/errorUtil.ts": {"path":"/home/paloma/Área de Trabalho/Módulo 5 - Arquitetura/projeto22-pawsup/projeto22-pawsup-back/src/utils/errorUtil.ts","statementMap":{"0":{"start":{"line":9,"column":4},"end":{"line":9,"column":50}},"1":{"start":{"line":8,"column":0},"end":{"line":8,"column":16}},"2":{"start":{"line":13,"column":4},"end":{"line":13,"column":43}},"3":{"start":{"line":13,"column":32},"end":{"line":13,"column":43}},"4":{"start":{"line":14,"column":4},"end":{"line":14,"column":39}},"5":{"start":{"line":14,"column":28},"end":{"line":14,"column":39}},"6":{"start":{"line":15,"column":4},"end":{"line":15,"column":40}},"7":{"start":{"line":15,"column":29},"end":{"line":15,"column":40}},"8":{"start":{"line":16,"column":4},"end":{"line":16,"column":43}},"9":{"start":{"line":16,"column":32},"end":{"line":16,"column":43}},"10":{"start":{"line":17,"column":4},"end":{"line":17,"column":15}},"11":{"start":{"line":12,"column":0},"end":{"line":12,"column":16}},"12":{"start":{"line":21,"column":1},"end":{"line":21,"column":null}},"13":{"start":{"line":20,"column":0},"end":{"line":20,"column":16}},"14":{"start":{"line":26,"column":4},"end":{"line":26,"column":null}},"15":{"start":{"line":25,"column":0},"end":{"line":25,"column":16}},"16":{"start":{"line":31,"column":4},"end":{"line":31,"column":null}},"17":{"start":{"line":30,"column":0},"end":{"line":30,"column":16}},"18":{"start":{"line":36,"column":4},"end":{"line":36,"column":null}},"19":{"start":{"line":35,"column":0},"end":{"line":35,"column":16}}},"fnMap":{"0":{"name":"isAppError","decl":{"start":{"line":8,"column":16},"end":{"line":8,"column":26}},"loc":{"start":{"line":8,"column":40},"end":{"line":10,"column":1}}},"1":{"name":"errorTypeToStatusCode","decl":{"start":{"line":12,"column":16},"end":{"line":12,"column":37}},"loc":{"start":{"line":12,"column":57},"end":{"line":18,"column":1}}},"2":{"name":"conflictError","decl":{"start":{"line":20,"column":16},"end":{"line":20,"column":29}},"loc":{"start":{"line":20,"column":46},"end":{"line":22,"column":1}}},"3":{"name":"notFoundError","decl":{"start":{"line":25,"column":16},"end":{"line":25,"column":29}},"loc":{"start":{"line":25,"column":46},"end":{"line":27,"column":1}}},"4":{"name":"wrongSchemaError","decl":{"start":{"line":30,"column":16},"end":{"line":30,"column":32}},"loc":{"start":{"line":30,"column":49},"end":{"line":32,"column":1}}},"5":{"name":"unauthorizedError","decl":{"start":{"line":35,"column":16},"end":{"line":35,"column":33}},"loc":{"start":{"line":35,"column":50},"end":{"line":37,"column":1}}}},"branchMap":{"0":{"loc":{"start":{"line":13,"column":4},"end":{"line":13,"column":43}},"type":"if","locations":[{"start":{"line":13,"column":4},"end":{"line":13,"column":43}}]},"1":{"loc":{"start":{"line":14,"column":4},"end":{"line":14,"column":39}},"type":"if","locations":[{"start":{"line":14,"column":4},"end":{"line":14,"column":39}}]},"2":{"loc":{"start":{"line":15,"column":4},"end":{"line":15,"column":40}},"type":"if","locations":[{"start":{"line":15,"column":4},"end":{"line":15,"column":40}}]},"3":{"loc":{"start":{"line":16,"column":4},"end":{"line":16,"column":43}},"type":"if","locations":[{"start":{"line":16,"column":4},"end":{"line":16,"column":43}}]},"4":{"loc":{"start":{"line":21,"column":36},"end":{"line":21,"column":49}},"type":"cond-expr","locations":[{"start":{"line":21,"column":36},"end":{"line":21,"column":43}},{"start":{"line":21,"column":47},"end":{"line":21,"column":49}}]},"5":{"loc":{"start":{"line":21,"column":36},"end":{"line":21,"column":47}},"type":"binary-expr","locations":[{"start":{"line":21,"column":36},"end":{"line":21,"column":47}},{"start":{"line":21,"column":36},"end":{"line":21,"column":47}}]},"6":{"loc":{"start":{"line":26,"column":40},"end":{"line":26,"column":53}},"type":"cond-expr","locations":[{"start":{"line":26,"column":40},"end":{"line":26,"column":47}},{"start":{"line":26,"column":51},"end":{"line":26,"column":53}}]},"7":{"loc":{"start":{"line":26,"column":40},"end":{"line":26,"column":51}},"type":"binary-expr","locations":[{"start":{"line":26,"column":40},"end":{"line":26,"column":51}},{"start":{"line":26,"column":40},"end":{"line":26,"column":51}}]},"8":{"loc":{"start":{"line":31,"column":43},"end":{"line":31,"column":56}},"type":"cond-expr","locations":[{"start":{"line":31,"column":43},"end":{"line":31,"column":50}},{"start":{"line":31,"column":54},"end":{"line":31,"column":56}}]},"9":{"loc":{"start":{"line":31,"column":43},"end":{"line":31,"column":54}},"type":"binary-expr","locations":[{"start":{"line":31,"column":43},"end":{"line":31,"column":54}},{"start":{"line":31,"column":43},"end":{"line":31,"column":54}}]},"10":{"loc":{"start":{"line":36,"column":43},"end":{"line":36,"column":56}},"type":"cond-expr","locations":[{"start":{"line":36,"column":43},"end":{"line":36,"column":50}},{"start":{"line":36,"column":54},"end":{"line":36,"column":56}}]},"11":{"loc":{"start":{"line":36,"column":43},"end":{"line":36,"column":54}},"type":"binary-expr","locations":[{"start":{"line":36,"column":43},"end":{"line":36,"column":54}},{"start":{"line":36,"column":43},"end":{"line":36,"column":54}}]}},"s":{"0":0,"1":1,"2":0,"3":0,"4":0,"5":0,"6":0,"7":0,"8":0,"9":0,"10":0,"11":1,"12":6,"13":1,"14":8,"15":1,"16":0,"17":1,"18":5,"19":1},"f":{"0":0,"1":0,"2":6,"3":8,"4":0,"5":5},"b":{"0":[0],"1":[0],"2":[0],"3":[0],"4":[6,0],"5":[6,6],"6":[8,0],"7":[8,8],"8":[0,0],"9":[0,0],"10":[5,0],"11":[5,5]}}
,"/home/paloma/Área de Trabalho/Módulo 5 - Arquitetura/projeto22-pawsup/projeto22-pawsup-back/tests/factories/catFactory.ts": {"path":"/home/paloma/Área de Trabalho/Módulo 5 - Arquitetura/projeto22-pawsup/projeto22-pawsup-back/tests/factories/catFactory.ts","statementMap":{"0":{"start":{"line":1,"column":0},"end":{"line":1,"column":38}},"1":{"start":{"line":4,"column":29},"end":{"line":4,"column":60}},"2":{"start":{"line":5,"column":19},"end":{"line":5,"column":48}},"3":{"start":{"line":7,"column":4},"end":{"line":16,"column":6}},"4":{"start":{"line":3,"column":0},"end":{"line":3,"column":30}}},"fnMap":{"0":{"name":"catFactory","decl":{"start":{"line":3,"column":30},"end":{"line":3,"column":40}},"loc":{"start":{"line":3,"column":40},"end":{"line":17,"column":2}}}},"branchMap":{},"s":{"0":1,"1":5,"2":5,"3":5,"4":1},"f":{"0":5},"b":{}}
,"/home/paloma/Área de Trabalho/Módulo 5 - Arquitetura/projeto22-pawsup/projeto22-pawsup-back/tests/factories/formFactory.ts": {"path":"/home/paloma/Área de Trabalho/Módulo 5 - Arquitetura/projeto22-pawsup/projeto22-pawsup-back/tests/factories/formFactory.ts","statementMap":{"0":{"start":{"line":1,"column":0},"end":{"line":1,"column":38}},"1":{"start":{"line":5,"column":4},"end":{"line":11,"column":6}},"2":{"start":{"line":3,"column":0},"end":{"line":3,"column":30}}},"fnMap":{"0":{"name":"formFactory","decl":{"start":{"line":3,"column":30},"end":{"line":3,"column":41}},"loc":{"start":{"line":3,"column":41},"end":{"line":12,"column":2}}}},"branchMap":{},"s":{"0":1,"1":3,"2":1},"f":{"0":3},"b":{}}
,"/home/paloma/Área de Trabalho/Módulo 5 - Arquitetura/projeto22-pawsup/projeto22-pawsup-back/tests/factories/loginFactory.ts": {"path":"/home/paloma/Área de Trabalho/Módulo 5 - Arquitetura/projeto22-pawsup/projeto22-pawsup-back/tests/factories/loginFactory.ts","statementMap":{"0":{"start":{"line":1,"column":0},"end":{"line":1,"column":38}},"1":{"start":{"line":4,"column":4},"end":{"line":7,"column":6}},"2":{"start":{"line":3,"column":0},"end":{"line":3,"column":30}}},"fnMap":{"0":{"name":"loginFactory","decl":{"start":{"line":3,"column":30},"end":{"line":3,"column":42}},"loc":{"start":{"line":3,"column":42},"end":{"line":8,"column":2}}}},"branchMap":{},"s":{"0":1,"1":3,"2":1},"f":{"0":3},"b":{}}
,"/home/paloma/Área de Trabalho/Módulo 5 - Arquitetura/projeto22-pawsup/projeto22-pawsup-back/tests/factories/userFactory.ts": {"path":"/home/paloma/Área de Trabalho/Módulo 5 - Arquitetura/projeto22-pawsup/projeto22-pawsup-back/tests/factories/userFactory.ts","statementMap":{"0":{"start":{"line":1,"column":0},"end":{"line":1,"column":38}},"1":{"start":{"line":4,"column":4},"end":{"line":9,"column":6}},"2":{"start":{"line":3,"column":0},"end":{"line":3,"column":30}}},"fnMap":{"0":{"name":"userFactory","decl":{"start":{"line":3,"column":30},"end":{"line":3,"column":41}},"loc":{"start":{"line":3,"column":41},"end":{"line":10,"column":2}}}},"branchMap":{},"s":{"0":1,"1":2,"2":1},"f":{"0":2},"b":{}}
}
