TN:
SF:src/database.ts
FNF:0
FNH:0
DA:1,1
DA:3,1
DA:5,1
LF:3
LH:3
BRF:0
BRH:0
end_of_record
TN:
SF:src/repositories/catRepository.ts
FN:4,getCats
FN:9,getCatsById
FN:14,getCatsByNameAndUserId
FN:19,createCat
FN:23,deleteCat
FN:27,getFormsByUserId
FNF:6
FNH:0
FNDA:0,getCats
FNDA:0,getCatsById
FNDA:0,getCatsByNameAndUserId
FNDA:0,createCat
FNDA:0,deleteCat
FNDA:0,getFormsByUserId
DA:1,1
DA:4,1
DA:5,0
DA:6,0
DA:9,1
DA:10,0
DA:11,0
DA:14,1
DA:15,0
DA:16,0
DA:19,1
DA:20,0
DA:23,1
DA:24,0
DA:27,1
DA:28,0
DA:39,0
DA:42,1
LF:18
LH:8
BRF:0
BRH:0
end_of_record
TN:
SF:src/repositories/userRepository.ts
FN:4,create
FN:10,getUserByEmail
FNF:2
FNH:0
FNDA:0,create
FNDA:0,getUserByEmail
DA:1,1
DA:4,1
DA:5,0
DA:10,1
DA:11,0
DA:15,0
DA:18,1
LF:7
LH:4
BRF:0
BRH:0
end_of_record
TN:
SF:src/service/authService.ts
FN:7,createUser
FN:18,loginUser
FNF:2
FNH:2
FNDA:2,createUser
FNDA:3,loginUser
DA:1,1
DA:3,1
DA:4,1
DA:5,1
DA:7,1
DA:9,2
DA:10,2
DA:12,1
DA:13,1
DA:14,1
DA:15,1
DA:18,1
DA:20,3
DA:21,3
DA:23,2
DA:24,2
DA:25,2
DA:27,1
DA:33,1
DA:34,1
DA:35,1
DA:39,1
DA:41,1
DA:44,1
LF:24
LH:24
BRDA:10,0,0,1
BRDA:21,1,0,1
BRDA:25,2,0,1
BRDA:33,3,0,1
BRDA:33,3,1,0
BRDA:33,4,0,1
BRDA:33,4,1,1
BRDA:34,5,0,1
BRDA:34,5,1,0
BRDA:34,6,0,1
BRDA:34,6,1,1
BRF:11
BRH:9
end_of_record
TN:
SF:src/service/catService.ts
FN:5,getCats
FN:10,getCatById
FN:16,createCat
FN:31,compareUsers
FN:37,deleteCat
FNF:5
FNH:5
FNDA:1,getCats
FNDA:5,getCatById
FNDA:2,createCat
FNDA:2,compareUsers
FNDA:3,deleteCat
DA:1,1
DA:3,1
DA:5,1
DA:6,1
DA:7,1
DA:10,1
DA:11,5
DA:12,5
DA:13,3
DA:16,1
DA:19,2
DA:20,2
DA:22,1
DA:26,1
DA:27,1
DA:31,1
DA:33,2
DA:34,2
DA:37,1
DA:39,3
DA:41,2
DA:42,2
DA:44,0
DA:48,1
LF:24
LH:23
BRDA:12,0,0,2
BRDA:20,1,0,1
BRDA:33,2,0,0
BRDA:33,2,1,2
BRDA:42,3,0,2
BRF:5
BRH:4
end_of_record
TN:
SF:src/utils/errorUtil.ts
FN:8,isAppError
FN:12,errorTypeToStatusCode
FN:20,conflictError
FN:25,notFoundError
FN:30,wrongSchemaError
FN:35,unauthorizedError
FNF:6
FNH:3
FNDA:0,isAppError
FNDA:0,errorTypeToStatusCode
FNDA:4,conflictError
FNDA:6,notFoundError
FNDA:0,wrongSchemaError
FNDA:5,unauthorizedError
DA:8,1
DA:9,0
DA:12,1
DA:13,0
DA:14,0
DA:15,0
DA:16,0
DA:17,0
DA:20,1
DA:21,4
DA:25,1
DA:26,6
DA:30,1
DA:31,0
DA:35,1
DA:36,5
LF:16
LH:9
BRDA:13,0,0,0
BRDA:14,1,0,0
BRDA:15,2,0,0
BRDA:16,3,0,0
BRDA:21,4,0,4
BRDA:21,4,1,0
BRDA:21,5,0,4
BRDA:21,5,1,4
BRDA:26,6,0,6
BRDA:26,6,1,0
BRDA:26,7,0,6
BRDA:26,7,1,6
BRDA:31,8,0,0
BRDA:31,8,1,0
BRDA:31,9,0,0
BRDA:31,9,1,0
BRDA:36,10,0,5
BRDA:36,10,1,0
BRDA:36,11,0,5
BRDA:36,11,1,5
BRF:20
BRH:9
end_of_record
TN:
SF:tests/factories/catFactory.ts
FN:3,catFactory
FNF:1
FNH:1
FNDA:5,catFactory
DA:1,1
DA:3,1
DA:4,5
DA:5,5
DA:7,5
LF:5
LH:5
BRF:0
BRH:0
end_of_record
TN:
SF:tests/factories/loginFactory.ts
FN:3,loginFactory
FNF:1
FNH:1
FNDA:3,loginFactory
DA:1,1
DA:3,1
DA:4,3
LF:3
LH:3
BRF:0
BRH:0
end_of_record
TN:
SF:tests/factories/userFactory.ts
FN:3,userFactory
FNF:1
FNH:1
FNDA:2,userFactory
DA:1,1
DA:3,1
DA:4,2
LF:3
LH:3
BRF:0
BRH:0
end_of_record
